#
# There is insufficient memory for the Java Runtime Environment to continue.
# Native memory allocation (malloc) failed to allocate 1786592 bytes. Error detail: Chunk::new
# Possible reasons:
#   The system is out of physical RAM or swap space
#   This process is running with CompressedOops enabled, and the Java Heap may be blocking the growth of the native heap
# Possible solutions:
#   Reduce memory load on the system
#   Increase physical memory or swap space
#   Check if swap backing store is full
#   Decrease Java heap size (-Xmx/-Xms)
#   Decrease number of Java threads
#   Decrease Java thread stack sizes (-Xss)
#   Set larger code cache with -XX:ReservedCodeCacheSize=
#   JVM is running with Unscaled Compressed Oops mode in which the Java heap is
#     placed in the first 4GB address space. The Java Heap base address is the
#     maximum limit for the native heap growth. Please use -XX:HeapBaseMinAddress
#     to set the Java Heap base and to place the Java Heap above 4GB virtual address.
# This output file may be truncated or incomplete.
#
#  Out of Memory Error (arena.cpp:168), pid=5440, tid=17788
#
# JRE version: OpenJDK Runtime Environment Temurin-21.0.7+6 (21.0.7+6) (build 21.0.7+6-LTS)
# Java VM: OpenJDK 64-Bit Server VM Temurin-21.0.7+6 (21.0.7+6-LTS, mixed mode, sharing, tiered, compressed oops, compressed class ptrs, parallel gc, windows-amd64)
# No core dump will be written. Minidumps are not enabled by default on client versions of Windows
#

---------------  S U M M A R Y ------------

Command Line: --add-modules=ALL-SYSTEM --add-opens=java.base/java.util=ALL-UNNAMED --add-opens=java.base/java.lang=ALL-UNNAMED --add-opens=java.base/sun.nio.fs=ALL-UNNAMED -Declipse.application=org.eclipse.jdt.ls.core.id1 -Dosgi.bundles.defaultStartLevel=4 -Declipse.product=org.eclipse.jdt.ls.core.product -Djava.import.generatesMetadataFilesAtProjectRoot=false -DDetectVMInstallationsJob.disabled=true -Dfile.encoding=utf8 -XX:+UseParallelGC -XX:GCTimeRatio=4 -XX:AdaptiveSizePolicyWeight=90 -Dsun.zip.disableMemoryMapping=true -Xmx2G -Xms100m -Xlog:disable -javaagent:c:\Users\ronte\.vscode\extensions\redhat.java-1.43.2025061208-win32-x64\lombok\lombok-1.18.36.jar -XX:+HeapDumpOnOutOfMemoryError -XX:HeapDumpPath=c:\Users\ronte\AppData\Roaming\Code\User\workspaceStorage\f4667daa9bf49298709a6cb9bedaba4e\redhat.java -Daether.dependencyCollector.impl=bf c:\Users\ronte\.vscode\extensions\redhat.java-1.43.2025061208-win32-x64\server\plugins\org.eclipse.equinox.launcher_1.7.0.v20250519-0528.jar -configuration c:\Users\ronte\AppData\Roaming\Code\User\globalStorage\redhat.java\1.43.2025061208\config_win -data c:\Users\ronte\AppData\Roaming\Code\User\workspaceStorage\f4667daa9bf49298709a6cb9bedaba4e\redhat.java\jdt_ws --pipe=\\.\pipe\lsp-35ea8ebc14c4d0ab854836dccbf820de-sock

Host: 12th Gen Intel(R) Core(TM) i5-1240P, 16 cores, 7G,  Windows 11 , 64 bit Build 26100 (10.0.26100.5640)
Time: Mon Jun 16 19:09:10 2025 India Standard Time elapsed time: 11.092644 seconds (0d 0h 0m 11s)

---------------  T H R E A D  ---------------

Current thread (0x0000021a5d728310):  JavaThread "C2 CompilerThread0" daemon [_thread_in_native, id=17788, stack(0x000000979c500000,0x000000979c600000) (1024K)]


Current CompileTask:
C2:11092 8654 %     4       org.eclipse.jdt.internal.core.search.indexing.BinaryIndexer::extractReferenceFromConstantPool @ 15 (358 bytes)

Stack: [0x000000979c500000,0x000000979c600000]
Native frames: (J=compiled Java code, j=interpreted, Vv=VM code, C=native code)
V  [jvm.dll+0x6ce119]
V  [jvm.dll+0x8a84a1]
V  [jvm.dll+0x8aa9ce]
V  [jvm.dll+0x8ab0b3]
V  [jvm.dll+0x27f8a6]
V  [jvm.dll+0xc507d]
V  [jvm.dll+0xc55b3]
V  [jvm.dll+0x3b692c]
V  [jvm.dll+0x382aa5]
V  [jvm.dll+0x381f0a]
V  [jvm.dll+0x247af0]
V  [jvm.dll+0x2470cf]
V  [jvm.dll+0x1c760e]
V  [jvm.dll+0x25695a]
V  [jvm.dll+0x254efa]
V  [jvm.dll+0x3f03f6]
V  [jvm.dll+0x851f6b]
V  [jvm.dll+0x6cc7dd]
C  [ucrtbase.dll+0x37b0]
C  [KERNEL32.DLL+0x2e8d7]
C  [ntdll.dll+0x128dc]


---------------  P R O C E S S  ---------------

Threads class SMR info:
_java_thread_list=0x0000021a67884f80, length=79, elements={
0x0000021a023ec880, 0x0000021a1b2fd550, 0x0000021a1b2fe100, 0x0000021a0490a0b0,
0x0000021a5d724fb0, 0x0000021a0490be10, 0x0000021a04913fa0, 0x0000021a5d728310,
0x0000021a5d72e4b0, 0x0000021a5d7f6a70, 0x0000021a5d828140, 0x0000021a5d8289a0,
0x0000021a5d867d10, 0x0000021a630232e0, 0x0000021a635a72d0, 0x0000021a63991a10,
0x0000021a63a23e30, 0x0000021a63a25080, 0x0000021a64180920, 0x0000021a63ede680,
0x0000021a640b9820, 0x0000021a640b8b00, 0x0000021a640b9190, 0x0000021a640b9eb0,
0x0000021a640b8470, 0x0000021a640b7de0, 0x0000021a640ba540, 0x0000021a640babd0,
0x0000021a640bb260, 0x0000021a65d34120, 0x0000021a65d34e40, 0x0000021a65d361f0,
0x0000021a65d354d0, 0x0000021a65d35b60, 0x0000021a65d32d70, 0x0000021a65d33400,
0x0000021a65d33a90, 0x0000021a65d347b0, 0x0000021a663545d0, 0x0000021a66353f40,
0x0000021a66352500, 0x0000021a66351e70, 0x0000021a66352b90, 0x0000021a663517e0,
0x0000021a663538b0, 0x0000021a66351150, 0x0000021a66354c60, 0x0000021a663552f0,
0x0000021a66356010, 0x0000021a663566a0, 0x0000021a66355980, 0x0000021a66353220,
0x0000021a66356d30, 0x0000021a66358770, 0x0000021a663573c0, 0x0000021a66357a50,
0x0000021a663580e0, 0x0000021a669efff0, 0x0000021a669f0d10, 0x0000021a669f0680,
0x0000021a669f2750, 0x0000021a669f13a0, 0x0000021a669f1a30, 0x0000021a669f4820,
0x0000021a669f2de0, 0x0000021a669f5540, 0x0000021a669f4190, 0x0000021a669f4eb0,
0x0000021a669f20c0, 0x0000021a669f68f0, 0x0000021a669f5bd0, 0x0000021a669f6260,
0x0000021a669f3470, 0x0000021a669f3b00, 0x0000021a669f6f80, 0x0000021a669f7610,
0x0000021a644b3690, 0x0000021a644b22e0, 0x0000021a644b2970
}

Java Threads: ( => current thread )
  0x0000021a023ec880 JavaThread "main"                              [_thread_blocked, id=15952, stack(0x000000979bb00000,0x000000979bc00000) (1024K)]
  0x0000021a1b2fd550 JavaThread "Reference Handler"          daemon [_thread_blocked, id=13188, stack(0x000000979bf00000,0x000000979c000000) (1024K)]
  0x0000021a1b2fe100 JavaThread "Finalizer"                  daemon [_thread_blocked, id=4872, stack(0x000000979c000000,0x000000979c100000) (1024K)]
  0x0000021a0490a0b0 JavaThread "Signal Dispatcher"          daemon [_thread_blocked, id=10640, stack(0x000000979c100000,0x000000979c200000) (1024K)]
  0x0000021a5d724fb0 JavaThread "Attach Listener"            daemon [_thread_blocked, id=16332, stack(0x000000979c200000,0x000000979c300000) (1024K)]
  0x0000021a0490be10 JavaThread "Service Thread"             daemon [_thread_blocked, id=18152, stack(0x000000979c300000,0x000000979c400000) (1024K)]
  0x0000021a04913fa0 JavaThread "Monitor Deflation Thread"   daemon [_thread_blocked, id=10792, stack(0x000000979c400000,0x000000979c500000) (1024K)]
=>0x0000021a5d728310 JavaThread "C2 CompilerThread0"         daemon [_thread_in_native, id=17788, stack(0x000000979c500000,0x000000979c600000) (1024K)]
  0x0000021a5d72e4b0 JavaThread "C1 CompilerThread0"         daemon [_thread_blocked, id=21684, stack(0x000000979c600000,0x000000979c700000) (1024K)]
  0x0000021a5d7f6a70 JavaThread "Common-Cleaner"             daemon [_thread_blocked, id=10812, stack(0x000000979c700000,0x000000979c800000) (1024K)]
  0x0000021a5d828140 JavaThread "C1 CompilerThread1"         daemon [_thread_blocked, id=13544, stack(0x000000979c800000,0x000000979c900000) (1024K)]
  0x0000021a5d8289a0 JavaThread "C1 CompilerThread2"         daemon [_thread_blocked, id=21604, stack(0x000000979c900000,0x000000979ca00000) (1024K)]
  0x0000021a5d867d10 JavaThread "C2 CompilerThread1"         daemon [_thread_in_native, id=21968, stack(0x000000979ca00000,0x000000979cb00000) (1024K)]
  0x0000021a630232e0 JavaThread "Notification Thread"        daemon [_thread_blocked, id=7592, stack(0x000000979cc00000,0x000000979cd00000) (1024K)]
  0x0000021a635a72d0 JavaThread "Active Thread: Equinox Container: 071c6db5-44a1-4407-8c0b-af980086fdf8"        [_thread_blocked, id=3188, stack(0x000000979d300000,0x000000979d400000) (1024K)]
  0x0000021a63991a10 JavaThread "Refresh Thread: Equinox Container: 071c6db5-44a1-4407-8c0b-af980086fdf8" daemon [_thread_blocked, id=18960, stack(0x000000979d500000,0x000000979d600000) (1024K)]
  0x0000021a63a23e30 JavaThread "Framework Event Dispatcher: Equinox Container: 071c6db5-44a1-4407-8c0b-af980086fdf8" daemon [_thread_blocked, id=10432, stack(0x000000979d600000,0x000000979d700000) (1024K)]
  0x0000021a63a25080 JavaThread "Start Level: Equinox Container: 071c6db5-44a1-4407-8c0b-af980086fdf8" daemon [_thread_blocked, id=808, stack(0x000000979d700000,0x000000979d800000) (1024K)]
  0x0000021a64180920 JavaThread "Bundle File Closer"         daemon [_thread_blocked, id=3712, stack(0x000000979db00000,0x000000979dc00000) (1024K)]
  0x0000021a63ede680 JavaThread "SCR Component Actor"        daemon [_thread_blocked, id=20296, stack(0x000000979dc00000,0x000000979dd00000) (1024K)]
  0x0000021a640b9820 JavaThread "Worker-JM"                         [_thread_blocked, id=17672, stack(0x000000979df00000,0x000000979e000000) (1024K)]
  0x0000021a640b8b00 JavaThread "JNA Cleaner"                daemon [_thread_blocked, id=17796, stack(0x000000979e100000,0x000000979e200000) (1024K)]
  0x0000021a640b9190 JavaThread "Worker-0"                          [_thread_blocked, id=23776, stack(0x000000979e200000,0x000000979e300000) (1024K)]
  0x0000021a640b9eb0 JavaThread "Worker-1"                          [_thread_blocked, id=10036, stack(0x000000979e300000,0x000000979e400000) (1024K)]
  0x0000021a640b8470 JavaThread "Java indexing"              daemon [_thread_in_vm, id=21188, stack(0x000000979e400000,0x000000979e500000) (1024K)]
  0x0000021a640b7de0 JavaThread "Worker-2: Java indexing... "        [_thread_blocked, id=20676, stack(0x000000979e700000,0x000000979e800000) (1024K)]
  0x0000021a640ba540 JavaThread "Worker-3: Building"                [_thread_in_native, id=16216, stack(0x000000979e800000,0x000000979e900000) (1024K)]
  0x0000021a640babd0 JavaThread "Thread-2"                   daemon [_thread_in_native, id=20024, stack(0x000000979e900000,0x000000979ea00000) (1024K)]
  0x0000021a640bb260 JavaThread "Thread-3"                   daemon [_thread_in_native, id=23536, stack(0x000000979ea00000,0x000000979eb00000) (1024K)]
  0x0000021a65d34120 JavaThread "Thread-4"                   daemon [_thread_in_native, id=12016, stack(0x000000979eb00000,0x000000979ec00000) (1024K)]
  0x0000021a65d34e40 JavaThread "Thread-5"                   daemon [_thread_in_native, id=4516, stack(0x000000979ec00000,0x000000979ed00000) (1024K)]
  0x0000021a65d361f0 JavaThread "Thread-6"                   daemon [_thread_in_native, id=8164, stack(0x000000979ed00000,0x000000979ee00000) (1024K)]
  0x0000021a65d354d0 JavaThread "Thread-7"                   daemon [_thread_in_native, id=5600, stack(0x000000979ee00000,0x000000979ef00000) (1024K)]
  0x0000021a65d35b60 JavaThread "Thread-8"                   daemon [_thread_in_native, id=4044, stack(0x000000979ef00000,0x000000979f000000) (1024K)]
  0x0000021a65d32d70 JavaThread "Thread-9"                   daemon [_thread_in_native, id=15076, stack(0x000000979f000000,0x000000979f100000) (1024K)]
  0x0000021a65d33400 JavaThread "Thread-10"                  daemon [_thread_in_native, id=3332, stack(0x000000979f100000,0x000000979f200000) (1024K)]
  0x0000021a65d33a90 JavaThread "Thread-11"                  daemon [_thread_in_native, id=5716, stack(0x000000979f200000,0x000000979f300000) (1024K)]
  0x0000021a65d347b0 JavaThread "Thread-12"                  daemon [_thread_in_native, id=12148, stack(0x000000979f300000,0x000000979f400000) (1024K)]
  0x0000021a663545d0 JavaThread "Thread-13"                  daemon [_thread_in_native, id=17816, stack(0x000000979f400000,0x000000979f500000) (1024K)]
  0x0000021a66353f40 JavaThread "Thread-14"                  daemon [_thread_in_native, id=16964, stack(0x000000979f500000,0x000000979f600000) (1024K)]
  0x0000021a66352500 JavaThread "Thread-15"                  daemon [_thread_in_native, id=16796, stack(0x000000979f600000,0x000000979f700000) (1024K)]
  0x0000021a66351e70 JavaThread "Thread-16"                  daemon [_thread_in_native, id=19664, stack(0x000000979f700000,0x000000979f800000) (1024K)]
  0x0000021a66352b90 JavaThread "Thread-17"                  daemon [_thread_in_native, id=18532, stack(0x000000979f800000,0x000000979f900000) (1024K)]
  0x0000021a663517e0 JavaThread "Thread-18"                  daemon [_thread_in_native, id=21708, stack(0x000000979f900000,0x000000979fa00000) (1024K)]
  0x0000021a663538b0 JavaThread "pool-2-thread-1"                   [_thread_blocked, id=14328, stack(0x000000979fa00000,0x000000979fb00000) (1024K)]
  0x0000021a66351150 JavaThread "Worker-4"                          [_thread_blocked, id=4716, stack(0x000000979fb00000,0x000000979fc00000) (1024K)]
  0x0000021a66354c60 JavaThread "Worker-5: Updating workspace"        [_thread_in_native, id=14456, stack(0x000000979fc00000,0x000000979fd00000) (1024K)]
  0x0000021a663552f0 JavaThread "WorkspaceEventsHandler"            [_thread_blocked, id=21096, stack(0x000000979fd00000,0x000000979fe00000) (1024K)]
  0x0000021a66356010 JavaThread "pool-1-thread-1"                   [_thread_blocked, id=10192, stack(0x000000979fe00000,0x000000979ff00000) (1024K)]
  0x0000021a663566a0 JavaThread "LocalFile Deleter"          daemon [_thread_blocked, id=15248, stack(0x000000979ff00000,0x00000097a0000000) (1024K)]
  0x0000021a66355980 JavaThread "LocalFile Deleter"          daemon [_thread_blocked, id=22884, stack(0x00000097a0000000,0x00000097a0100000) (1024K)]
  0x0000021a66353220 JavaThread "LocalFile Deleter"          daemon [_thread_blocked, id=11780, stack(0x00000097a0100000,0x00000097a0200000) (1024K)]
  0x0000021a66356d30 JavaThread "LocalFile Deleter"          daemon [_thread_blocked, id=23912, stack(0x00000097a0200000,0x00000097a0300000) (1024K)]
  0x0000021a66358770 JavaThread "LocalFile Deleter"          daemon [_thread_blocked, id=18648, stack(0x00000097a0300000,0x00000097a0400000) (1024K)]
  0x0000021a663573c0 JavaThread "LocalFile Deleter"          daemon [_thread_blocked, id=10152, stack(0x00000097a0400000,0x00000097a0500000) (1024K)]
  0x0000021a66357a50 JavaThread "LocalFile Deleter"          daemon [_thread_blocked, id=1924, stack(0x00000097a0500000,0x00000097a0600000) (1024K)]
  0x0000021a663580e0 JavaThread "LocalFile Deleter"          daemon [_thread_blocked, id=22864, stack(0x00000097a0600000,0x00000097a0700000) (1024K)]
  0x0000021a669efff0 JavaThread "LocalFile Deleter"          daemon [_thread_blocked, id=9860, stack(0x00000097a0700000,0x00000097a0800000) (1024K)]
  0x0000021a669f0d10 JavaThread "LocalFile Deleter"          daemon [_thread_blocked, id=15520, stack(0x00000097a0800000,0x00000097a0900000) (1024K)]
  0x0000021a669f0680 JavaThread "LocalFile Deleter"          daemon [_thread_blocked, id=2100, stack(0x00000097a0900000,0x00000097a0a00000) (1024K)]
  0x0000021a669f2750 JavaThread "LocalFile Deleter"          daemon [_thread_blocked, id=14892, stack(0x00000097a0a00000,0x00000097a0b00000) (1024K)]
  0x0000021a669f13a0 JavaThread "LocalFile Deleter"          daemon [_thread_blocked, id=1752, stack(0x00000097a0b00000,0x00000097a0c00000) (1024K)]
  0x0000021a669f1a30 JavaThread "LocalFile Deleter"          daemon [_thread_blocked, id=5956, stack(0x00000097a0c00000,0x00000097a0d00000) (1024K)]
  0x0000021a669f4820 JavaThread "LocalFile Deleter"          daemon [_thread_blocked, id=9084, stack(0x00000097a0d00000,0x00000097a0e00000) (1024K)]
  0x0000021a669f2de0 JavaThread "LocalFile Deleter"          daemon [_thread_blocked, id=13252, stack(0x00000097a0e00000,0x00000097a0f00000) (1024K)]
  0x0000021a669f5540 JavaThread "Compiler Source File Reader" daemon [_thread_blocked, id=24000, stack(0x00000097a0f00000,0x00000097a1000000) (1024K)]
  0x0000021a669f4190 JavaThread "Compiler Source File Reader" daemon [_thread_blocked, id=15792, stack(0x00000097a1000000,0x00000097a1100000) (1024K)]
  0x0000021a669f4eb0 JavaThread "Compiler Source File Reader" daemon [_thread_blocked, id=18616, stack(0x00000097a1100000,0x00000097a1200000) (1024K)]
  0x0000021a669f20c0 JavaThread "Compiler Source File Reader" daemon [_thread_blocked, id=4836, stack(0x00000097a1200000,0x00000097a1300000) (1024K)]
  0x0000021a669f68f0 JavaThread "Compiler Source File Reader" daemon [_thread_blocked, id=8144, stack(0x00000097a1300000,0x00000097a1400000) (1024K)]
  0x0000021a669f5bd0 JavaThread "Compiler Source File Reader" daemon [_thread_blocked, id=18656, stack(0x00000097a1400000,0x00000097a1500000) (1024K)]
  0x0000021a669f6260 JavaThread "Compiler Source File Reader" daemon [_thread_blocked, id=22424, stack(0x00000097a1500000,0x00000097a1600000) (1024K)]
  0x0000021a669f3470 JavaThread "Compiler Source File Reader" daemon [_thread_blocked, id=20828, stack(0x00000097a1600000,0x00000097a1700000) (1024K)]
  0x0000021a669f3b00 JavaThread "Compiler Source File Reader" daemon [_thread_blocked, id=7836, stack(0x00000097a1700000,0x00000097a1800000) (1024K)]
  0x0000021a669f6f80 JavaThread "Compiler Source File Reader" daemon [_thread_blocked, id=14656, stack(0x00000097a1800000,0x00000097a1900000) (1024K)]
  0x0000021a669f7610 JavaThread "Compiler Source File Reader" daemon [_thread_blocked, id=8428, stack(0x00000097a1900000,0x00000097a1a00000) (1024K)]
  0x0000021a644b3690 JavaThread "Compiler Source File Reader" daemon [_thread_blocked, id=2708, stack(0x00000097a1a00000,0x00000097a1b00000) (1024K)]
  0x0000021a644b22e0 JavaThread "Compiler Source File Reader" daemon [_thread_blocked, id=13036, stack(0x00000097a1b00000,0x00000097a1c00000) (1024K)]
  0x0000021a644b2970 JavaThread "Compiler Source File Reader" daemon [_thread_blocked, id=23228, stack(0x00000097a1c00000,0x00000097a1d00000) (1024K)]
Total: 79

Other Threads:
  0x0000021a1b2e41b0 VMThread "VM Thread"                           [id=18756, stack(0x000000979be00000,0x000000979bf00000) (1024K)]
  0x0000021a1b1dca00 WatcherThread "VM Periodic Task Thread"        [id=6700, stack(0x000000979bd00000,0x000000979be00000) (1024K)]
  0x0000021a04884520 WorkerThread "GC Thread#0"                     [id=13048, stack(0x000000979bc00000,0x000000979bd00000) (1024K)]
  0x0000021a6340b1e0 WorkerThread "GC Thread#1"                     [id=19052, stack(0x000000979cd00000,0x000000979ce00000) (1024K)]
  0x0000021a6340b580 WorkerThread "GC Thread#2"                     [id=5916, stack(0x000000979ce00000,0x000000979cf00000) (1024K)]
  0x0000021a63441430 WorkerThread "GC Thread#3"                     [id=7196, stack(0x000000979cf00000,0x000000979d000000) (1024K)]
  0x0000021a634417d0 WorkerThread "GC Thread#4"                     [id=13160, stack(0x000000979d000000,0x000000979d100000) (1024K)]
  0x0000021a63441b70 WorkerThread "GC Thread#5"                     [id=21672, stack(0x000000979d100000,0x000000979d200000) (1024K)]
  0x0000021a63441f10 WorkerThread "GC Thread#6"                     [id=7040, stack(0x000000979d200000,0x000000979d300000) (1024K)]
  0x0000021a639b0990 WorkerThread "GC Thread#7"                     [id=19480, stack(0x000000979d400000,0x000000979d500000) (1024K)]
  0x0000021a635155a0 WorkerThread "GC Thread#8"                     [id=16908, stack(0x000000979d800000,0x000000979d900000) (1024K)]
  0x0000021a639b9e60 WorkerThread "GC Thread#9"                     [id=11608, stack(0x000000979d900000,0x000000979da00000) (1024K)]
  0x0000021a639ba940 WorkerThread "GC Thread#10"                    [id=2400, stack(0x000000979da00000,0x000000979db00000) (1024K)]
  0x0000021a639b9720 WorkerThread "GC Thread#11"                    [id=2712, stack(0x000000979de00000,0x000000979df00000) (1024K)]
  0x0000021a639b8fe0 WorkerThread "GC Thread#12"                    [id=23008, stack(0x000000979e000000,0x000000979e100000) (1024K)]
Total: 15

Threads with active compile tasks:
C2 CompilerThread0  11156 8654 %     4       org.eclipse.jdt.internal.core.search.indexing.BinaryIndexer::extractReferenceFromConstantPool @ 15 (358 bytes)
C1 CompilerThread0  11156 8763       2       org.eclipse.debug.internal.core.LaunchManager$LaunchManagerVisitor::visit (204 bytes)
C1 CompilerThread1  11156 8761       2       org.eclipse.core.internal.resources.OS::isNameValid (126 bytes)
C2 CompilerThread1  11156 8639   !   4       org.eclipse.jdt.internal.compiler.classfmt.ClassFileReader::<init> (2135 bytes)
Total: 4

VM state: not at safepoint (normal execution)

VM Mutex/Monitor currently owned by a thread: None

Heap address: 0x0000000080000000, size: 2048 MB, Compressed Oops mode: 32-bit

CDS archive(s) mapped at: [0x0000021a1c000000-0x0000021a1cba0000-0x0000021a1cba0000), size 12189696, SharedBaseAddress: 0x0000021a1c000000, ArchiveRelocationMode: 1.
Compressed class space mapped at: 0x0000021a1d000000-0x0000021a5d000000, reserved size: 1073741824
Narrow klass base: 0x0000021a1c000000, Narrow klass shift: 0, Narrow klass range: 0x100000000

GC Precious Log:
 CardTable entry size: 512
 CPUs: 16 total, 16 available
 Memory: 7860M
 Large Page Support: Disabled
 NUMA Support: Disabled
 Compressed Oops: Enabled (32-bit)
 Alignments: Space 512K, Generation 512K, Heap 2M
 Heap Min Capacity: 100M
 Heap Initial Capacity: 100M
 Heap Max Capacity: 2G
 Pre-touch: Disabled
 Parallel Workers: 13

Heap:
 PSYoungGen      total 12800K, used 9713K [0x00000000d5580000, 0x00000000d6480000, 0x0000000100000000)
  eden space 10240K, 74% used [0x00000000d5580000,0x00000000d5cf0d08,0x00000000d5f80000)
  from space 2560K, 81% used [0x00000000d6200000,0x00000000d640bac8,0x00000000d6480000)
  to   space 2560K, 0% used [0x00000000d5f80000,0x00000000d5f80000,0x00000000d6200000)
 ParOldGen       total 95232K, used 94906K [0x0000000080000000, 0x0000000085d00000, 0x00000000d5580000)
  object space 95232K, 99% used [0x0000000080000000,0x0000000085cae808,0x0000000085d00000)
 Metaspace       used 54270K, committed 55488K, reserved 1114112K
  class space    used 5644K, committed 6144K, reserved 1048576K

Card table byte_map: [0x0000021a04200000,0x0000021a04610000] _byte_map_base: 0x0000021a03e00000

Marking Bits: (ParMarkBitMap*) 0x00007fface7e31f0
 Begin Bits: [0x0000021a16d00000, 0x0000021a18d00000)
 End Bits:   [0x0000021a18d00000, 0x0000021a1ad00000)

Polling page: 0x0000021a02aa0000

Metaspace:

Usage:
  Non-class:     47.49 MB used.
      Class:      5.51 MB used.
       Both:     53.00 MB used.

Virtual space:
  Non-class space:       64.00 MB reserved,      48.19 MB ( 75%) committed,  1 nodes.
      Class space:        1.00 GB reserved,       6.00 MB ( <1%) committed,  1 nodes.
             Both:        1.06 GB reserved,      54.19 MB (  5%) committed. 

Chunk freelists:
   Non-Class:  15.23 MB
       Class:  9.88 MB
        Both:  25.11 MB

MaxMetaspaceSize: unlimited
CompressedClassSpaceSize: 1.00 GB
Initial GC threshold: 21.00 MB
Current GC threshold: 58.38 MB
CDS: on
 - commit_granule_bytes: 65536.
 - commit_granule_words: 8192.
 - virtual_space_node_default_size: 8388608.
 - enlarge_chunks_in_place: 1.
 - use_allocation_guard: 0.


Internal statistics:

num_allocs_failed_limit: 6.
num_arena_births: 888.
num_arena_deaths: 14.
num_vsnodes_births: 2.
num_vsnodes_deaths: 0.
num_space_committed: 867.
num_space_uncommitted: 0.
num_chunks_returned_to_freelist: 20.
num_chunks_taken_from_freelist: 3254.
num_chunk_merges: 11.
num_chunk_splits: 2064.
num_chunks_enlarged: 1270.
num_inconsistent_stats: 0.

CodeHeap 'non-profiled nmethods': size=119168Kb used=3921Kb max_used=3921Kb free=115246Kb
 bounds [0x0000021a0f5f0000, 0x0000021a0f9d0000, 0x0000021a16a50000]
CodeHeap 'profiled nmethods': size=119104Kb used=17772Kb max_used=17772Kb free=101331Kb
 bounds [0x0000021a07a50000, 0x0000021a08bb0000, 0x0000021a0eea0000]
CodeHeap 'non-nmethods': size=7488Kb used=2531Kb max_used=3148Kb free=4956Kb
 bounds [0x0000021a0eea0000, 0x0000021a0f1d0000, 0x0000021a0f5f0000]
 total_blobs=8700 nmethods=7984 adapters=619
 compilation: enabled
              stopped_count=0, restarted_count=0
 full_count=0

Compilation events (20 events):
Event: 10.004 Thread 0x0000021a5d828140 8678 %     3       lombok.launch.ClassFileMetaData::getOffsets @ 16 (62 bytes)
Event: 10.005 Thread 0x0000021a5d828140 nmethod 8678% 0x0000021a08b84b90 code [0x0000021a08b84d60, 0x0000021a08b85190]
Event: 10.010 Thread 0x0000021a5d828140 8679       2       java.util.jar.JarFile::getManEntry (39 bytes)
Event: 10.011 Thread 0x0000021a5d828140 nmethod 8679 0x0000021a08b85410 code [0x0000021a08b855c0, 0x0000021a08b857a0]
Event: 10.032 Thread 0x0000021a5d828140 8680 %     3       lombok.launch.ClassFileMetaData::<init> @ 58 (283 bytes)
Event: 10.034 Thread 0x0000021a5d828140 nmethod 8680% 0x0000021a08b85890 code [0x0000021a08b85b40, 0x0000021a08b86b58]
Event: 10.052 Thread 0x0000021a5d828140 8681       2       sun.reflect.generics.parser.SignatureParser::parseZeroOrMoreFormalTypeParameters (19 bytes)
Event: 10.052 Thread 0x0000021a5d828140 nmethod 8681 0x0000021a08b87190 code [0x0000021a08b87360, 0x0000021a08b87578]
Event: 10.061 Thread 0x0000021a5d828140 8682       2       java.util.zip.ZipFile::getEntryName (42 bytes)
Event: 10.061 Thread 0x0000021a5d828140 nmethod 8682 0x0000021a08b87690 code [0x0000021a08b87860, 0x0000021a08b87a60]
Event: 10.063 Thread 0x0000021a5d918640 8683       2       java.util.zip.ZipFile$Source$Key::equals (93 bytes)
Event: 10.063 Thread 0x0000021a5d8289a0 8684       2       java.nio.file.attribute.FileTime::equals (28 bytes)
Event: 10.063 Thread 0x0000021a5d72e4b0 8685       2       java.nio.file.attribute.FileTime::compareTo (154 bytes)
Event: 10.063 Thread 0x0000021a5d8289a0 nmethod 8684 0x0000021a08b87c10 code [0x0000021a08b87dc0, 0x0000021a08b87f80]
Event: 10.064 Thread 0x0000021a5d918640 nmethod 8683 0x0000021a08b88010 code [0x0000021a08b88240, 0x0000021a08b88748]
Event: 10.064 Thread 0x0000021a5d72e4b0 nmethod 8685 0x0000021a08b88990 code [0x0000021a08b88c20, 0x0000021a08b89318]
Event: 10.075 Thread 0x0000021a5d72e4b0 8686       3       org.eclipse.core.runtime.jobs.Job::getState (5 bytes)
Event: 10.075 Thread 0x0000021a5d72e4b0 nmethod 8686 0x0000021a08b89710 code [0x0000021a08b898c0, 0x0000021a08b89a00]
Event: 10.187 Thread 0x0000021a5d8289a0 8687       1       org.eclipse.core.runtime.jobs.Job::belongsTo (2 bytes)
Event: 10.187 Thread 0x0000021a5d8289a0 nmethod 8687 0x0000021a0f9c1190 code [0x0000021a0f9c1320, 0x0000021a0f9c13e8]

GC Heap History (20 events):
Event: 9.246 GC heap before
{Heap before GC invocations=48 (full 2):
 PSYoungGen      total 13312K, used 12855K [0x00000000d5580000, 0x00000000d6480000, 0x0000000100000000)
  eden space 11264K, 100% used [0x00000000d5580000,0x00000000d6080000,0x00000000d6080000)
  from space 2048K, 77% used [0x00000000d6080000,0x00000000d620de30,0x00000000d6280000)
  to   space 2048K, 0% used [0x00000000d6280000,0x00000000d6280000,0x00000000d6480000)
 ParOldGen       total 75776K, used 75484K [0x0000000080000000, 0x0000000084a00000, 0x00000000d5580000)
  object space 75776K, 99% used [0x0000000080000000,0x00000000849b7180,0x0000000084a00000)
 Metaspace       used 51679K, committed 52928K, reserved 1114112K
  class space    used 5391K, committed 5952K, reserved 1048576K
}
Event: 9.248 GC heap after
{Heap after GC invocations=48 (full 2):
 PSYoungGen      total 12288K, used 807K [0x00000000d5580000, 0x00000000d6380000, 0x0000000100000000)
  eden space 11264K, 0% used [0x00000000d5580000,0x00000000d5580000,0x00000000d6080000)
  from space 1024K, 78% used [0x00000000d6280000,0x00000000d6349f20,0x00000000d6380000)
  to   space 1536K, 0% used [0x00000000d6080000,0x00000000d6080000,0x00000000d6200000)
 ParOldGen       total 76288K, used 76195K [0x0000000080000000, 0x0000000084a80000, 0x00000000d5580000)
  object space 76288K, 99% used [0x0000000080000000,0x0000000084a68ea8,0x0000000084a80000)
 Metaspace       used 51679K, committed 52928K, reserved 1114112K
  class space    used 5391K, committed 5952K, reserved 1048576K
}
Event: 9.306 GC heap before
{Heap before GC invocations=49 (full 2):
 PSYoungGen      total 12288K, used 12071K [0x00000000d5580000, 0x00000000d6380000, 0x0000000100000000)
  eden space 11264K, 100% used [0x00000000d5580000,0x00000000d6080000,0x00000000d6080000)
  from space 1024K, 78% used [0x00000000d6280000,0x00000000d6349f20,0x00000000d6380000)
  to   space 1536K, 0% used [0x00000000d6080000,0x00000000d6080000,0x00000000d6200000)
 ParOldGen       total 76288K, used 76195K [0x0000000080000000, 0x0000000084a80000, 0x00000000d5580000)
  object space 76288K, 99% used [0x0000000080000000,0x0000000084a68ea8,0x0000000084a80000)
 Metaspace       used 52226K, committed 53504K, reserved 1114112K
  class space    used 5453K, committed 6016K, reserved 1048576K
}
Event: 9.308 GC heap after
{Heap after GC invocations=49 (full 2):
 PSYoungGen      total 12800K, used 1516K [0x00000000d5580000, 0x00000000d6680000, 0x0000000100000000)
  eden space 11264K, 0% used [0x00000000d5580000,0x00000000d5580000,0x00000000d6080000)
  from space 1536K, 98% used [0x00000000d6080000,0x00000000d61fb0e8,0x00000000d6200000)
  to   space 3072K, 0% used [0x00000000d6380000,0x00000000d6380000,0x00000000d6680000)
 ParOldGen       total 77312K, used 77078K [0x0000000080000000, 0x0000000084b80000, 0x00000000d5580000)
  object space 77312K, 99% used [0x0000000080000000,0x0000000084b45878,0x0000000084b80000)
 Metaspace       used 52226K, committed 53504K, reserved 1114112K
  class space    used 5453K, committed 6016K, reserved 1048576K
}
Event: 9.381 GC heap before
{Heap before GC invocations=50 (full 2):
 PSYoungGen      total 12800K, used 12780K [0x00000000d5580000, 0x00000000d6680000, 0x0000000100000000)
  eden space 11264K, 100% used [0x00000000d5580000,0x00000000d6080000,0x00000000d6080000)
  from space 1536K, 98% used [0x00000000d6080000,0x00000000d61fb0e8,0x00000000d6200000)
  to   space 3072K, 0% used [0x00000000d6380000,0x00000000d6380000,0x00000000d6680000)
 ParOldGen       total 77312K, used 77078K [0x0000000080000000, 0x0000000084b80000, 0x00000000d5580000)
  object space 77312K, 99% used [0x0000000080000000,0x0000000084b45878,0x0000000084b80000)
 Metaspace       used 53130K, committed 54336K, reserved 1114112K
  class space    used 5508K, committed 6016K, reserved 1048576K
}
Event: 9.383 GC heap after
{Heap after GC invocations=50 (full 2):
 PSYoungGen      total 13824K, used 2145K [0x00000000d5580000, 0x00000000d6600000, 0x0000000100000000)
  eden space 11264K, 0% used [0x00000000d5580000,0x00000000d5580000,0x00000000d6080000)
  from space 2560K, 83% used [0x00000000d6380000,0x00000000d65986a0,0x00000000d6600000)
  to   space 2560K, 0% used [0x00000000d6100000,0x00000000d6100000,0x00000000d6380000)
 ParOldGen       total 78848K, used 78611K [0x0000000080000000, 0x0000000084d00000, 0x00000000d5580000)
  object space 78848K, 99% used [0x0000000080000000,0x0000000084cc4d40,0x0000000084d00000)
 Metaspace       used 53130K, committed 54336K, reserved 1114112K
  class space    used 5508K, committed 6016K, reserved 1048576K
}
Event: 9.493 GC heap before
{Heap before GC invocations=51 (full 2):
 PSYoungGen      total 13824K, used 13409K [0x00000000d5580000, 0x00000000d6600000, 0x0000000100000000)
  eden space 11264K, 100% used [0x00000000d5580000,0x00000000d6080000,0x00000000d6080000)
  from space 2560K, 83% used [0x00000000d6380000,0x00000000d65986a0,0x00000000d6600000)
  to   space 2560K, 0% used [0x00000000d6100000,0x00000000d6100000,0x00000000d6380000)
 ParOldGen       total 78848K, used 78611K [0x0000000080000000, 0x0000000084d00000, 0x00000000d5580000)
  object space 78848K, 99% used [0x0000000080000000,0x0000000084cc4d40,0x0000000084d00000)
 Metaspace       used 53239K, committed 54464K, reserved 1114112K
  class space    used 5525K, committed 6080K, reserved 1048576K
}
Event: 9.497 GC heap after
{Heap after GC invocations=51 (full 2):
 PSYoungGen      total 13824K, used 2541K [0x00000000d5580000, 0x00000000d6a80000, 0x0000000100000000)
  eden space 11264K, 0% used [0x00000000d5580000,0x00000000d5580000,0x00000000d6080000)
  from space 2560K, 99% used [0x00000000d6100000,0x00000000d637b4e0,0x00000000d6380000)
  to   space 5120K, 0% used [0x00000000d6580000,0x00000000d6580000,0x00000000d6a80000)
 ParOldGen       total 80896K, used 80610K [0x0000000080000000, 0x0000000084f00000, 0x00000000d5580000)
  object space 80896K, 99% used [0x0000000080000000,0x0000000084eb8bc0,0x0000000084f00000)
 Metaspace       used 53239K, committed 54464K, reserved 1114112K
  class space    used 5525K, committed 6080K, reserved 1048576K
}
Event: 9.576 GC heap before
{Heap before GC invocations=52 (full 2):
 PSYoungGen      total 13824K, used 13805K [0x00000000d5580000, 0x00000000d6a80000, 0x0000000100000000)
  eden space 11264K, 100% used [0x00000000d5580000,0x00000000d6080000,0x00000000d6080000)
  from space 2560K, 99% used [0x00000000d6100000,0x00000000d637b4e0,0x00000000d6380000)
  to   space 5120K, 0% used [0x00000000d6580000,0x00000000d6580000,0x00000000d6a80000)
 ParOldGen       total 80896K, used 80611K [0x0000000080000000, 0x0000000084f00000, 0x00000000d5580000)
  object space 80896K, 99% used [0x0000000080000000,0x0000000084eb8d00,0x0000000084f00000)
 Metaspace       used 53279K, committed 54528K, reserved 1114112K
  class space    used 5543K, committed 6080K, reserved 1048576K
}
Event: 9.582 GC heap after
{Heap after GC invocations=52 (full 2):
 PSYoungGen      total 13824K, used 2148K [0x00000000d5580000, 0x00000000d6800000, 0x0000000100000000)
  eden space 11264K, 0% used [0x00000000d5580000,0x00000000d5580000,0x00000000d6080000)
  from space 2560K, 83% used [0x00000000d6580000,0x00000000d67992e8,0x00000000d6800000)
  to   space 3072K, 0% used [0x00000000d6200000,0x00000000d6200000,0x00000000d6500000)
 ParOldGen       total 83456K, used 83071K [0x0000000080000000, 0x0000000085180000, 0x00000000d5580000)
  object space 83456K, 99% used [0x0000000080000000,0x000000008511fcf8,0x0000000085180000)
 Metaspace       used 53279K, committed 54528K, reserved 1114112K
  class space    used 5543K, committed 6080K, reserved 1048576K
}
Event: 9.668 GC heap before
{Heap before GC invocations=53 (full 2):
 PSYoungGen      total 13824K, used 13412K [0x00000000d5580000, 0x00000000d6800000, 0x0000000100000000)
  eden space 11264K, 100% used [0x00000000d5580000,0x00000000d6080000,0x00000000d6080000)
  from space 2560K, 83% used [0x00000000d6580000,0x00000000d67992e8,0x00000000d6800000)
  to   space 3072K, 0% used [0x00000000d6200000,0x00000000d6200000,0x00000000d6500000)
 ParOldGen       total 83456K, used 83074K [0x0000000080000000, 0x0000000085180000, 0x00000000d5580000)
  object space 83456K, 99% used [0x0000000080000000,0x00000000851208b0,0x0000000085180000)
 Metaspace       used 53383K, committed 54592K, reserved 1114112K
  class space    used 5563K, committed 6080K, reserved 1048576K
}
Event: 9.671 GC heap after
{Heap after GC invocations=53 (full 2):
 PSYoungGen      total 13824K, used 2136K [0x00000000d5580000, 0x00000000d6600000, 0x0000000100000000)
  eden space 11264K, 0% used [0x00000000d5580000,0x00000000d5580000,0x00000000d6080000)
  from space 2560K, 83% used [0x00000000d6200000,0x00000000d6416020,0x00000000d6480000)
  to   space 1536K, 0% used [0x00000000d6480000,0x00000000d6480000,0x00000000d6600000)
 ParOldGen       total 84992K, used 84884K [0x0000000080000000, 0x0000000085300000, 0x00000000d5580000)
  object space 84992K, 99% used [0x0000000080000000,0x00000000852e5378,0x0000000085300000)
 Metaspace       used 53383K, committed 54592K, reserved 1114112K
  class space    used 5563K, committed 6080K, reserved 1048576K
}
Event: 9.751 GC heap before
{Heap before GC invocations=54 (full 2):
 PSYoungGen      total 13824K, used 13400K [0x00000000d5580000, 0x00000000d6600000, 0x0000000100000000)
  eden space 11264K, 100% used [0x00000000d5580000,0x00000000d6080000,0x00000000d6080000)
  from space 2560K, 83% used [0x00000000d6200000,0x00000000d6416020,0x00000000d6480000)
  to   space 1536K, 0% used [0x00000000d6480000,0x00000000d6480000,0x00000000d6600000)
 ParOldGen       total 84992K, used 84884K [0x0000000080000000, 0x0000000085300000, 0x00000000d5580000)
  object space 84992K, 99% used [0x0000000080000000,0x00000000852e5378,0x0000000085300000)
 Metaspace       used 53514K, committed 54720K, reserved 1114112K
  class space    used 5574K, committed 6080K, reserved 1048576K
}
Event: 9.754 GC heap after
{Heap after GC invocations=54 (full 2):
 PSYoungGen      total 11776K, used 1523K [0x00000000d5580000, 0x00000000d6a80000, 0x0000000100000000)
  eden space 10240K, 0% used [0x00000000d5580000,0x00000000d5580000,0x00000000d5f80000)
  from space 1536K, 99% used [0x00000000d6480000,0x00000000d65fce98,0x00000000d6600000)
  to   space 5120K, 0% used [0x00000000d5f80000,0x00000000d5f80000,0x00000000d6480000)
 ParOldGen       total 88064K, used 87651K [0x0000000080000000, 0x0000000085600000, 0x00000000d5580000)
  object space 88064K, 99% used [0x0000000080000000,0x0000000085598de0,0x0000000085600000)
 Metaspace       used 53514K, committed 54720K, reserved 1114112K
  class space    used 5574K, committed 6080K, reserved 1048576K
}
Event: 9.837 GC heap before
{Heap before GC invocations=55 (full 2):
 PSYoungGen      total 11776K, used 11763K [0x00000000d5580000, 0x00000000d6a80000, 0x0000000100000000)
  eden space 10240K, 100% used [0x00000000d5580000,0x00000000d5f80000,0x00000000d5f80000)
  from space 1536K, 99% used [0x00000000d6480000,0x00000000d65fce98,0x00000000d6600000)
  to   space 5120K, 0% used [0x00000000d5f80000,0x00000000d5f80000,0x00000000d6480000)
 ParOldGen       total 88064K, used 87651K [0x0000000080000000, 0x0000000085600000, 0x00000000d5580000)
  object space 88064K, 99% used [0x0000000080000000,0x0000000085598de0,0x0000000085600000)
 Metaspace       used 53621K, committed 54848K, reserved 1114112K
  class space    used 5582K, committed 6144K, reserved 1048576K
}
Event: 9.840 GC heap after
{Heap after GC invocations=55 (full 2):
 PSYoungGen      total 12800K, used 2232K [0x00000000d5580000, 0x00000000d6580000, 0x0000000100000000)
  eden space 10240K, 0% used [0x00000000d5580000,0x00000000d5580000,0x00000000d5f80000)
  from space 2560K, 87% used [0x00000000d5f80000,0x00000000d61ae238,0x00000000d6200000)
  to   space 3072K, 0% used [0x00000000d6280000,0x00000000d6280000,0x00000000d6580000)
 ParOldGen       total 89088K, used 89040K [0x0000000080000000, 0x0000000085700000, 0x00000000d5580000)
  object space 89088K, 99% used [0x0000000080000000,0x00000000856f40c8,0x0000000085700000)
 Metaspace       used 53621K, committed 54848K, reserved 1114112K
  class space    used 5582K, committed 6144K, reserved 1048576K
}
Event: 9.970 GC heap before
{Heap before GC invocations=56 (full 2):
 PSYoungGen      total 12800K, used 12472K [0x00000000d5580000, 0x00000000d6580000, 0x0000000100000000)
  eden space 10240K, 100% used [0x00000000d5580000,0x00000000d5f80000,0x00000000d5f80000)
  from space 2560K, 87% used [0x00000000d5f80000,0x00000000d61ae238,0x00000000d6200000)
  to   space 3072K, 0% used [0x00000000d6280000,0x00000000d6280000,0x00000000d6580000)
 ParOldGen       total 89088K, used 89040K [0x0000000080000000, 0x0000000085700000, 0x00000000d5580000)
  object space 89088K, 99% used [0x0000000080000000,0x00000000856f40c8,0x0000000085700000)
 Metaspace       used 53828K, committed 55040K, reserved 1114112K
  class space    used 5598K, committed 6144K, reserved 1048576K
}
Event: 9.973 GC heap after
{Heap after GC invocations=56 (full 2):
 PSYoungGen      total 12288K, used 1997K [0x00000000d5580000, 0x00000000d6480000, 0x0000000100000000)
  eden space 10240K, 0% used [0x00000000d5580000,0x00000000d5580000,0x00000000d5f80000)
  from space 2048K, 97% used [0x00000000d6280000,0x00000000d64735d8,0x00000000d6480000)
  to   space 2560K, 0% used [0x00000000d5f80000,0x00000000d5f80000,0x00000000d6200000)
 ParOldGen       total 91136K, used 91058K [0x0000000080000000, 0x0000000085900000, 0x00000000d5580000)
  object space 91136K, 99% used [0x0000000080000000,0x00000000858ecb38,0x0000000085900000)
 Metaspace       used 53828K, committed 55040K, reserved 1114112K
  class space    used 5598K, committed 6144K, reserved 1048576K
}
Event: 10.045 GC heap before
{Heap before GC invocations=57 (full 2):
 PSYoungGen      total 12288K, used 12237K [0x00000000d5580000, 0x00000000d6480000, 0x0000000100000000)
  eden space 10240K, 100% used [0x00000000d5580000,0x00000000d5f80000,0x00000000d5f80000)
  from space 2048K, 97% used [0x00000000d6280000,0x00000000d64735d8,0x00000000d6480000)
  to   space 2560K, 0% used [0x00000000d5f80000,0x00000000d5f80000,0x00000000d6200000)
 ParOldGen       total 91136K, used 91058K [0x0000000080000000, 0x0000000085900000, 0x00000000d5580000)
  object space 91136K, 99% used [0x0000000080000000,0x00000000858ecb38,0x0000000085900000)
 Metaspace       used 53897K, committed 55104K, reserved 1114112K
  class space    used 5612K, committed 6144K, reserved 1048576K
}
Event: 10.047 GC heap after
{Heap after GC invocations=57 (full 2):
 PSYoungGen      total 12800K, used 2366K [0x00000000d5580000, 0x00000000d6480000, 0x0000000100000000)
  eden space 10240K, 0% used [0x00000000d5580000,0x00000000d5580000,0x00000000d5f80000)
  from space 2560K, 92% used [0x00000000d5f80000,0x00000000d61cfba8,0x00000000d6200000)
  to   space 2560K, 0% used [0x00000000d6200000,0x00000000d6200000,0x00000000d6480000)
 ParOldGen       total 93184K, used 92782K [0x0000000080000000, 0x0000000085b00000, 0x00000000d5580000)
  object space 93184K, 99% used [0x0000000080000000,0x0000000085a9b8d8,0x0000000085b00000)
 Metaspace       used 53897K, committed 55104K, reserved 1114112K
  class space    used 5612K, committed 6144K, reserved 1048576K
}

Dll operation events (10 events):
Event: 0.013 Loaded shared library c:\Users\ronte\.vscode\extensions\redhat.java-1.43.2025061208-win32-x64\jre\21.0.7-win32-x86_64\bin\java.dll
Event: 0.102 Loaded shared library c:\Users\ronte\.vscode\extensions\redhat.java-1.43.2025061208-win32-x64\jre\21.0.7-win32-x86_64\bin\zip.dll
Event: 0.128 Loaded shared library C:\Users\ronte\.vscode\extensions\redhat.java-1.43.2025061208-win32-x64\jre\21.0.7-win32-x86_64\bin\instrument.dll
Event: 0.135 Loaded shared library C:\Users\ronte\.vscode\extensions\redhat.java-1.43.2025061208-win32-x64\jre\21.0.7-win32-x86_64\bin\net.dll
Event: 0.138 Loaded shared library C:\Users\ronte\.vscode\extensions\redhat.java-1.43.2025061208-win32-x64\jre\21.0.7-win32-x86_64\bin\nio.dll
Event: 0.142 Loaded shared library C:\Users\ronte\.vscode\extensions\redhat.java-1.43.2025061208-win32-x64\jre\21.0.7-win32-x86_64\bin\zip.dll
Event: 0.162 Loaded shared library C:\Users\ronte\.vscode\extensions\redhat.java-1.43.2025061208-win32-x64\jre\21.0.7-win32-x86_64\bin\jimage.dll
Event: 0.252 Loaded shared library c:\Users\ronte\.vscode\extensions\redhat.java-1.43.2025061208-win32-x64\jre\21.0.7-win32-x86_64\bin\verify.dll
Event: 1.601 Loaded shared library C:\Users\ronte\AppData\Roaming\Code\User\globalStorage\redhat.java\1.43.2025061208\config_win\org.eclipse.equinox.launcher\org.eclipse.equinox.launcher.win32.win32.x86_64_1.2.1300.v20250331-1702\eclipse_11911.dll
Event: 3.550 Loaded shared library C:\Users\ronte\AppData\Local\Temp\jna-108697602\jna3529073707615769379.dll

Deoptimization events (20 events):
Event: 9.983 Thread 0x0000021a640b8470 DEOPT PACKING pc=0x0000021a088c869a sp=0x000000979e4fe380
Event: 9.983 Thread 0x0000021a640b8470 DEOPT UNPACKING pc=0x0000021a0eef4242 sp=0x000000979e4fd908 mode 0
Event: 10.010 Thread 0x0000021a640b8470 DEOPT PACKING pc=0x0000021a088c869a sp=0x000000979e4fe380
Event: 10.010 Thread 0x0000021a640b8470 DEOPT UNPACKING pc=0x0000021a0eef4242 sp=0x000000979e4fd908 mode 0
Event: 10.024 Thread 0x0000021a640ba540 DEOPT PACKING pc=0x0000021a087587c6 sp=0x000000979e8fbe70
Event: 10.024 Thread 0x0000021a640ba540 DEOPT UNPACKING pc=0x0000021a0eef4242 sp=0x000000979e8fb3f0 mode 0
Event: 10.035 Thread 0x0000021a640b8470 DEOPT PACKING pc=0x0000021a088c869a sp=0x000000979e4fe380
Event: 10.035 Thread 0x0000021a640b8470 DEOPT UNPACKING pc=0x0000021a0eef4242 sp=0x000000979e4fd908 mode 0
Event: 10.054 Thread 0x0000021a640b8470 DEOPT PACKING pc=0x0000021a088c869a sp=0x000000979e4fe380
Event: 10.054 Thread 0x0000021a640b8470 DEOPT UNPACKING pc=0x0000021a0eef4242 sp=0x000000979e4fd908 mode 0
Event: 10.064 Thread 0x0000021a640b8470 DEOPT PACKING pc=0x0000021a08b153d3 sp=0x000000979e4fe3c0
Event: 10.064 Thread 0x0000021a640b8470 DEOPT UNPACKING pc=0x0000021a0eef4242 sp=0x000000979e4fd928 mode 0
Event: 10.068 Thread 0x0000021a640b8470 DEOPT PACKING pc=0x0000021a088c869a sp=0x000000979e4fe380
Event: 10.068 Thread 0x0000021a640b8470 DEOPT UNPACKING pc=0x0000021a0eef4242 sp=0x000000979e4fd908 mode 0
Event: 10.071 Thread 0x0000021a640b8470 DEOPT PACKING pc=0x0000021a08b153d3 sp=0x000000979e4fe3c0
Event: 10.071 Thread 0x0000021a640b8470 DEOPT UNPACKING pc=0x0000021a0eef4242 sp=0x000000979e4fd928 mode 0
Event: 10.091 Thread 0x0000021a640b8470 Uncommon trap: trap_request=0xffffff45 fr.pc=0x0000021a0f9b9b80 relative=0x0000000000001c40
Event: 10.091 Thread 0x0000021a640b8470 Uncommon trap: reason=unstable_if action=reinterpret pc=0x0000021a0f9b9b80 method=org.eclipse.jdt.internal.compiler.classfmt.MethodInfo.decodeLocalVariableAttribute(II)V @ 14 c2
Event: 10.091 Thread 0x0000021a640b8470 DEOPT PACKING pc=0x0000021a0f9b9b80 sp=0x000000979e4fe400
Event: 11.089 Thread 0x0000021a640b8470 DEOPT UNPACKING pc=0x0000021a0eef3aa2 sp=0x000000979e4fe320 mode 2

Classes loaded (20 events):
Event: 8.525 Loading class sun/nio/ch/WindowsAsynchronousFileChannelImpl$WriteTask
Event: 8.526 Loading class sun/nio/ch/WindowsAsynchronousFileChannelImpl$WriteTask done
Event: 8.701 Loading class jdk/internal/math/FormattedFPDecimal
Event: 8.701 Loading class jdk/internal/math/FormattedFPDecimal done
Event: 8.763 Loading class java/util/concurrent/ForkJoinTask$AdaptedCallable
Event: 8.763 Loading class java/util/concurrent/ForkJoinTask$AdaptedCallable done
Event: 8.875 Loading class java/util/TreeMap$AscendingSubMap
Event: 8.876 Loading class java/util/TreeMap$NavigableSubMap
Event: 8.877 Loading class java/util/TreeMap$NavigableSubMap done
Event: 8.877 Loading class java/util/TreeMap$AscendingSubMap done
Event: 8.877 Loading class java/util/TreeMap$AscendingSubMap$AscendingEntrySetView
Event: 8.878 Loading class java/util/TreeMap$NavigableSubMap$EntrySetView
Event: 8.878 Loading class java/util/TreeMap$NavigableSubMap$EntrySetView done
Event: 8.878 Loading class java/util/TreeMap$AscendingSubMap$AscendingEntrySetView done
Event: 8.878 Loading class java/util/TreeMap$NavigableSubMap$SubMapEntryIterator
Event: 8.878 Loading class java/util/TreeMap$NavigableSubMap$SubMapIterator
Event: 8.878 Loading class java/util/TreeMap$NavigableSubMap$SubMapIterator done
Event: 8.878 Loading class java/util/TreeMap$NavigableSubMap$SubMapEntryIterator done
Event: 9.700 Loading class java/util/Vector$1
Event: 9.700 Loading class java/util/Vector$1 done

Classes unloaded (7 events):
Event: 4.204 Thread 0x0000021a1b2e41b0 Unloading class 0x0000021a1d19d000 'java/lang/invoke/LambdaForm$MH+0x0000021a1d19d000'
Event: 4.204 Thread 0x0000021a1b2e41b0 Unloading class 0x0000021a1d19cc00 'java/lang/invoke/LambdaForm$MH+0x0000021a1d19cc00'
Event: 4.204 Thread 0x0000021a1b2e41b0 Unloading class 0x0000021a1d19c800 'java/lang/invoke/LambdaForm$MH+0x0000021a1d19c800'
Event: 4.204 Thread 0x0000021a1b2e41b0 Unloading class 0x0000021a1d19c400 'java/lang/invoke/LambdaForm$MH+0x0000021a1d19c400'
Event: 4.204 Thread 0x0000021a1b2e41b0 Unloading class 0x0000021a1d19c000 'java/lang/invoke/LambdaForm$BMH+0x0000021a1d19c000'
Event: 4.204 Thread 0x0000021a1b2e41b0 Unloading class 0x0000021a1d19bc00 'java/lang/invoke/LambdaForm$DMH+0x0000021a1d19bc00'
Event: 4.204 Thread 0x0000021a1b2e41b0 Unloading class 0x0000021a1d19a800 'java/lang/invoke/LambdaForm$DMH+0x0000021a1d19a800'

Classes redefined (0 events):
No events

Internal exceptions (20 events):
Event: 8.768 Thread 0x0000021a669f0680 Exception <a 'sun/nio/fs/WindowsException'{0x00000000d5d402f0}> (0x00000000d5d402f0) 
thrown [s\src\hotspot\share\prims\jni.cpp, line 520]
Event: 8.769 Thread 0x0000021a669f0d10 Exception <a 'sun/nio/fs/WindowsException'{0x00000000d5d386e8}> (0x00000000d5d386e8) 
thrown [s\src\hotspot\share\prims\jni.cpp, line 520]
Event: 8.769 Thread 0x0000021a669f4820 Exception <a 'sun/nio/fs/WindowsException'{0x00000000d5d6e740}> (0x00000000d5d6e740) 
thrown [s\src\hotspot\share\prims\jni.cpp, line 520]
Event: 8.769 Thread 0x0000021a663566a0 Exception <a 'sun/nio/fs/WindowsException'{0x00000000d5cc8458}> (0x00000000d5cc8458) 
thrown [s\src\hotspot\share\prims\jni.cpp, line 520]
Event: 8.770 Thread 0x0000021a669f0d10 Exception <a 'sun/nio/fs/WindowsException'{0x00000000d5d3a3b8}> (0x00000000d5d3a3b8) 
thrown [s\src\hotspot\share\prims\jni.cpp, line 520]
Event: 8.771 Thread 0x0000021a66358770 Exception <a 'sun/nio/fs/WindowsException'{0x00000000d5d7a5e8}> (0x00000000d5d7a5e8) 
thrown [s\src\hotspot\share\prims\jni.cpp, line 520]
Event: 8.771 Thread 0x0000021a66357a50 Exception <a 'sun/nio/fs/WindowsException'{0x00000000d5d240d8}> (0x00000000d5d240d8) 
thrown [s\src\hotspot\share\prims\jni.cpp, line 520]
Event: 8.772 Thread 0x0000021a669f0d10 Exception <a 'sun/nio/fs/WindowsException'{0x00000000d5d3ba20}> (0x00000000d5d3ba20) 
thrown [s\src\hotspot\share\prims\jni.cpp, line 520]
Event: 8.776 Thread 0x0000021a66358770 Exception <a 'sun/nio/fs/WindowsException'{0x00000000d5d7c4f8}> (0x00000000d5d7c4f8) 
thrown [s\src\hotspot\share\prims\jni.cpp, line 520]
Event: 8.776 Thread 0x0000021a669f2de0 Exception <a 'sun/nio/fs/WindowsException'{0x00000000d5d68460}> (0x00000000d5d68460) 
thrown [s\src\hotspot\share\prims\jni.cpp, line 520]
Event: 8.776 Thread 0x0000021a669f2750 Exception <a 'sun/nio/fs/WindowsException'{0x00000000d5d52fe0}> (0x00000000d5d52fe0) 
thrown [s\src\hotspot\share\prims\jni.cpp, line 520]
Event: 8.777 Thread 0x0000021a669f2750 Exception <a 'sun/nio/fs/WindowsException'{0x00000000d5d54ea0}> (0x00000000d5d54ea0) 
thrown [s\src\hotspot\share\prims\jni.cpp, line 520]
Event: 8.780 Thread 0x0000021a66358770 Exception <a 'sun/nio/fs/WindowsException'{0x00000000d5df8348}> (0x00000000d5df8348) 
thrown [s\src\hotspot\share\prims\jni.cpp, line 520]
Event: 8.781 Thread 0x0000021a669f2750 Exception <a 'sun/nio/fs/WindowsException'{0x00000000d5dfafb0}> (0x00000000d5dfafb0) 
thrown [s\src\hotspot\share\prims\jni.cpp, line 520]
Event: 8.782 Thread 0x0000021a66358770 Exception <a 'sun/nio/fs/WindowsException'{0x00000000d5e09d90}> (0x00000000d5e09d90) 
thrown [s\src\hotspot\share\prims\jni.cpp, line 520]
Event: 8.783 Thread 0x0000021a669f0d10 Exception <a 'sun/nio/fs/WindowsException'{0x00000000d5e41fd8}> (0x00000000d5e41fd8) 
thrown [s\src\hotspot\share\prims\jni.cpp, line 520]
Event: 8.880 Thread 0x0000021a640ba540 Exception <a 'sun/nio/fs/WindowsException'{0x00000000d60b4628}> (0x00000000d60b4628) 
thrown [s\src\hotspot\share\prims\jni.cpp, line 520]
Event: 8.881 Thread 0x0000021a66355980 Exception <a 'sun/nio/fs/WindowsException'{0x00000000d60ec3f0}> (0x00000000d60ec3f0) 
thrown [s\src\hotspot\share\prims\jni.cpp, line 520]
Event: 8.882 Thread 0x0000021a663573c0 Exception <a 'sun/nio/fs/WindowsException'{0x00000000d611b3f0}> (0x00000000d611b3f0) 
thrown [s\src\hotspot\share\prims\jni.cpp, line 520]
Event: 8.882 Thread 0x0000021a663573c0 Exception <a 'sun/nio/fs/WindowsException'{0x00000000d611c968}> (0x00000000d611c968) 
thrown [s\src\hotspot\share\prims\jni.cpp, line 520]

ZGC Phase Switch (0 events):
No events

VM Operations (20 events):
Event: 9.308 Executing VM operation: ParallelGCFailedAllocation (Allocation Failure) done
Event: 9.381 Executing VM operation: ParallelGCFailedAllocation (Allocation Failure)
Event: 9.383 Executing VM operation: ParallelGCFailedAllocation (Allocation Failure) done
Event: 9.493 Executing VM operation: ParallelGCFailedAllocation (Allocation Failure)
Event: 9.497 Executing VM operation: ParallelGCFailedAllocation (Allocation Failure) done
Event: 9.576 Executing VM operation: ParallelGCFailedAllocation (Allocation Failure)
Event: 9.576 Executing VM operation: ParallelGCFailedAllocation (Allocation Failure) done
Event: 9.576 Executing VM operation: ParallelGCSystemGC (GCLocker Initiated GC)
Event: 9.582 Executing VM operation: ParallelGCSystemGC (GCLocker Initiated GC) done
Event: 9.668 Executing VM operation: ParallelGCFailedAllocation (Allocation Failure)
Event: 9.671 Executing VM operation: ParallelGCFailedAllocation (Allocation Failure) done
Event: 9.738 Executing VM operation: ParallelGCFailedAllocation (Allocation Failure)
Event: 9.755 Executing VM operation: ParallelGCFailedAllocation (Allocation Failure) done
Event: 9.837 Executing VM operation: ParallelGCFailedAllocation (Allocation Failure)
Event: 9.840 Executing VM operation: ParallelGCFailedAllocation (Allocation Failure) done
Event: 9.970 Executing VM operation: ParallelGCFailedAllocation (Allocation Failure)
Event: 9.973 Executing VM operation: ParallelGCFailedAllocation (Allocation Failure) done
Event: 10.045 Executing VM operation: ParallelGCFailedAllocation (Allocation Failure)
Event: 10.047 Executing VM operation: ParallelGCFailedAllocation (Allocation Failure) done
Event: 11.058 Executing VM operation: Cleanup

Memory protections (0 events):
No events

Nmethod flushes (20 events):
Event: 5.550 Thread 0x0000021a1b2e41b0 flushing  nmethod 0x0000021a081b6390
Event: 5.550 Thread 0x0000021a1b2e41b0 flushing  nmethod 0x0000021a081b6790
Event: 5.550 Thread 0x0000021a1b2e41b0 flushing  nmethod 0x0000021a081b7090
Event: 5.550 Thread 0x0000021a1b2e41b0 flushing  nmethod 0x0000021a081b7490
Event: 5.550 Thread 0x0000021a1b2e41b0 flushing  nmethod 0x0000021a081b8a90
Event: 5.550 Thread 0x0000021a1b2e41b0 flushing  nmethod 0x0000021a081b9210
Event: 5.550 Thread 0x0000021a1b2e41b0 flushing  nmethod 0x0000021a081ba790
Event: 5.550 Thread 0x0000021a1b2e41b0 flushing  nmethod 0x0000021a081bac90
Event: 5.550 Thread 0x0000021a1b2e41b0 flushing  nmethod 0x0000021a081bb590
Event: 5.550 Thread 0x0000021a1b2e41b0 flushing  nmethod 0x0000021a081bbe10
Event: 5.550 Thread 0x0000021a1b2e41b0 flushing  nmethod 0x0000021a081bc990
Event: 5.550 Thread 0x0000021a1b2e41b0 flushing  nmethod 0x0000021a081bdc10
Event: 5.550 Thread 0x0000021a1b2e41b0 flushing  nmethod 0x0000021a081bfe90
Event: 5.550 Thread 0x0000021a1b2e41b0 flushing  nmethod 0x0000021a081c2390
Event: 5.550 Thread 0x0000021a1b2e41b0 flushing  nmethod 0x0000021a08209190
Event: 5.550 Thread 0x0000021a1b2e41b0 flushing  nmethod 0x0000021a08214490
Event: 5.550 Thread 0x0000021a1b2e41b0 flushing  nmethod 0x0000021a08214890
Event: 5.550 Thread 0x0000021a1b2e41b0 flushing  nmethod 0x0000021a082bca90
Event: 5.550 Thread 0x0000021a1b2e41b0 flushing  nmethod 0x0000021a082bd810
Event: 5.550 Thread 0x0000021a1b2e41b0 flushing  nmethod 0x0000021a082eb510

Events (20 events):
Event: 8.767 Thread 0x0000021a66356d30 Thread added: 0x0000021a669f2750
Event: 8.767 Thread 0x0000021a669efff0 Thread added: 0x0000021a669f13a0
Event: 8.767 Thread 0x0000021a669f0680 Thread added: 0x0000021a669f1a30
Event: 8.767 Thread 0x0000021a669f0d10 Thread added: 0x0000021a669f4820
Event: 8.767 Thread 0x0000021a66356d30 Thread added: 0x0000021a669f2de0
Event: 9.013 Thread 0x0000021a640ba540 Thread added: 0x0000021a669f5540
Event: 9.013 Thread 0x0000021a640ba540 Thread added: 0x0000021a669f4190
Event: 9.013 Thread 0x0000021a640ba540 Thread added: 0x0000021a669f4eb0
Event: 9.014 Thread 0x0000021a640ba540 Thread added: 0x0000021a669f20c0
Event: 9.014 Thread 0x0000021a669f4190 Thread added: 0x0000021a669f68f0
Event: 9.014 Thread 0x0000021a669f5540 Thread added: 0x0000021a669f5bd0
Event: 9.014 Thread 0x0000021a669f20c0 Thread added: 0x0000021a669f6260
Event: 9.014 Thread 0x0000021a669f68f0 Thread added: 0x0000021a669f3470
Event: 9.015 Thread 0x0000021a669f4eb0 Thread added: 0x0000021a669f3b00
Event: 9.015 Thread 0x0000021a669f3470 Thread added: 0x0000021a669f6f80
Event: 9.015 Thread 0x0000021a640ba540 Thread added: 0x0000021a669f7610
Event: 9.015 Thread 0x0000021a640ba540 Thread added: 0x0000021a644b3690
Event: 9.015 Thread 0x0000021a640ba540 Thread added: 0x0000021a644b22e0
Event: 9.015 Thread 0x0000021a640ba540 Thread added: 0x0000021a644b2970
Event: 9.238 Thread 0x0000021a63c7e440 Thread exited: 0x0000021a63c7e440


Dynamic libraries:
0x00007ff64c010000 - 0x00007ff64c01e000 	c:\Users\ronte\.vscode\extensions\redhat.java-1.43.2025061208-win32-x64\jre\21.0.7-win32-x86_64\bin\java.exe
0x00007ffb3f040000 - 0x00007ffb3f2a9000 	C:\WINDOWS\SYSTEM32\ntdll.dll
0x00007ffb3e470000 - 0x00007ffb3e539000 	C:\WINDOWS\System32\KERNEL32.DLL
0x00007ffb3c3a0000 - 0x00007ffb3c78b000 	C:\WINDOWS\System32\KERNELBASE.dll
0x00007ffb3c790000 - 0x00007ffb3c8db000 	C:\WINDOWS\System32\ucrtbase.dll
0x00007ffb329e0000 - 0x00007ffb329f8000 	c:\Users\ronte\.vscode\extensions\redhat.java-1.43.2025061208-win32-x64\jre\21.0.7-win32-x86_64\bin\jli.dll
0x00007ffb32360000 - 0x00007ffb3237e000 	c:\Users\ronte\.vscode\extensions\redhat.java-1.43.2025061208-win32-x64\jre\21.0.7-win32-x86_64\bin\VCRUNTIME140.dll
0x00007ffb3ec40000 - 0x00007ffb3ee0a000 	C:\WINDOWS\System32\USER32.dll
0x00007ffb3cba0000 - 0x00007ffb3cbc7000 	C:\WINDOWS\System32\win32u.dll
0x00007ffb08e80000 - 0x00007ffb0911a000 	C:\WINDOWS\WinSxS\amd64_microsoft.windows.common-controls_6595b64144ccf1df_6.0.26100.5640_none_3e0ac8e2e332259c\COMCTL32.dll
0x00007ffb3d7a0000 - 0x00007ffb3d849000 	C:\WINDOWS\System32\msvcrt.dll
0x00007ffb3e6a0000 - 0x00007ffb3e6cb000 	C:\WINDOWS\System32\GDI32.dll
0x00007ffb3ca60000 - 0x00007ffb3cb97000 	C:\WINDOWS\System32\gdi32full.dll
0x00007ffb3c250000 - 0x00007ffb3c2f3000 	C:\WINDOWS\System32\msvcp_win.dll
0x00007ffb3e6d0000 - 0x00007ffb3e700000 	C:\WINDOWS\System32\IMM32.DLL
0x00007ffb32480000 - 0x00007ffb3248c000 	c:\Users\ronte\.vscode\extensions\redhat.java-1.43.2025061208-win32-x64\jre\21.0.7-win32-x86_64\bin\vcruntime140_1.dll
0x00007ffb17c20000 - 0x00007ffb17cad000 	c:\Users\ronte\.vscode\extensions\redhat.java-1.43.2025061208-win32-x64\jre\21.0.7-win32-x86_64\bin\msvcp140.dll
0x00007ffacdb30000 - 0x00007fface8c0000 	c:\Users\ronte\.vscode\extensions\redhat.java-1.43.2025061208-win32-x64\jre\21.0.7-win32-x86_64\bin\server\jvm.dll
0x00007ffb3d890000 - 0x00007ffb3d944000 	C:\WINDOWS\System32\ADVAPI32.dll
0x00007ffb3e560000 - 0x00007ffb3e606000 	C:\WINDOWS\System32\sechost.dll
0x00007ffb3d530000 - 0x00007ffb3d645000 	C:\WINDOWS\System32\RPCRT4.dll
0x00007ffb3e610000 - 0x00007ffb3e684000 	C:\WINDOWS\System32\WS2_32.dll
0x00007ffb3bfe0000 - 0x00007ffb3c03e000 	C:\WINDOWS\SYSTEM32\POWRPROF.dll
0x00007ffb32d30000 - 0x00007ffb32d65000 	C:\WINDOWS\SYSTEM32\WINMM.dll
0x00007ffb2e340000 - 0x00007ffb2e34b000 	C:\WINDOWS\SYSTEM32\VERSION.dll
0x00007ffb3bfc0000 - 0x00007ffb3bfd4000 	C:\WINDOWS\SYSTEM32\UMPDC.dll
0x00007ffb3af20000 - 0x00007ffb3af3b000 	C:\WINDOWS\SYSTEM32\kernel.appcore.dll
0x00007ffb323c0000 - 0x00007ffb323ca000 	c:\Users\ronte\.vscode\extensions\redhat.java-1.43.2025061208-win32-x64\jre\21.0.7-win32-x86_64\bin\jimage.dll
0x00007ffb398f0000 - 0x00007ffb39b32000 	C:\WINDOWS\SYSTEM32\DBGHELP.DLL
0x00007ffb3dad0000 - 0x00007ffb3de56000 	C:\WINDOWS\System32\combase.dll
0x00007ffb3e370000 - 0x00007ffb3e451000 	C:\WINDOWS\System32\OLEAUT32.dll
0x00007ffb180f0000 - 0x00007ffb18133000 	C:\WINDOWS\SYSTEM32\dbgcore.DLL
0x00007ffb3c300000 - 0x00007ffb3c399000 	C:\WINDOWS\System32\bcryptPrimitives.dll
0x00007ffb22360000 - 0x00007ffb2236f000 	c:\Users\ronte\.vscode\extensions\redhat.java-1.43.2025061208-win32-x64\jre\21.0.7-win32-x86_64\bin\instrument.dll
0x00007ffb321a0000 - 0x00007ffb321bf000 	c:\Users\ronte\.vscode\extensions\redhat.java-1.43.2025061208-win32-x64\jre\21.0.7-win32-x86_64\bin\java.dll
0x00007ffb3cde0000 - 0x00007ffb3d528000 	C:\WINDOWS\System32\SHELL32.dll
0x00007ffb3c8e0000 - 0x00007ffb3ca54000 	C:\WINDOWS\System32\wintypes.dll
0x00007ffb39db0000 - 0x00007ffb3a60b000 	C:\WINDOWS\SYSTEM32\windows.storage.dll
0x00007ffb3d650000 - 0x00007ffb3d743000 	C:\WINDOWS\System32\SHCORE.dll
0x00007ffb3d950000 - 0x00007ffb3d9ba000 	C:\WINDOWS\System32\shlwapi.dll
0x00007ffb3c0a0000 - 0x00007ffb3c0cf000 	C:\WINDOWS\SYSTEM32\profapi.dll
0x00007ffb21230000 - 0x00007ffb21248000 	c:\Users\ronte\.vscode\extensions\redhat.java-1.43.2025061208-win32-x64\jre\21.0.7-win32-x86_64\bin\zip.dll
0x00007ffb32130000 - 0x00007ffb32140000 	C:\Users\ronte\.vscode\extensions\redhat.java-1.43.2025061208-win32-x64\jre\21.0.7-win32-x86_64\bin\net.dll
0x00007ffb32860000 - 0x00007ffb3297e000 	C:\WINDOWS\SYSTEM32\WINHTTP.dll
0x00007ffb3b4c0000 - 0x00007ffb3b52c000 	C:\WINDOWS\system32\mswsock.dll
0x00007ffb1c130000 - 0x00007ffb1c146000 	C:\Users\ronte\.vscode\extensions\redhat.java-1.43.2025061208-win32-x64\jre\21.0.7-win32-x86_64\bin\nio.dll
0x00007ffb222e0000 - 0x00007ffb222f0000 	c:\Users\ronte\.vscode\extensions\redhat.java-1.43.2025061208-win32-x64\jre\21.0.7-win32-x86_64\bin\verify.dll
0x00007ffb17410000 - 0x00007ffb17455000 	C:\Users\ronte\AppData\Roaming\Code\User\globalStorage\redhat.java\1.43.2025061208\config_win\org.eclipse.equinox.launcher\org.eclipse.equinox.launcher.win32.win32.x86_64_1.2.1300.v20250331-1702\eclipse_11911.dll
0x00007ffb3e710000 - 0x00007ffb3e8ae000 	C:\WINDOWS\System32\ole32.dll
0x00007ffb3b770000 - 0x00007ffb3b78b000 	C:\WINDOWS\SYSTEM32\CRYPTSP.dll
0x00007ffb3ae80000 - 0x00007ffb3aeba000 	C:\WINDOWS\system32\rsaenh.dll
0x00007ffb3b560000 - 0x00007ffb3b58b000 	C:\WINDOWS\SYSTEM32\USERENV.dll
0x00007ffb3c070000 - 0x00007ffb3c096000 	C:\WINDOWS\SYSTEM32\bcrypt.dll
0x00007ffb3b790000 - 0x00007ffb3b79c000 	C:\WINDOWS\SYSTEM32\CRYPTBASE.dll
0x00007ffb3a970000 - 0x00007ffb3a9a4000 	C:\WINDOWS\SYSTEM32\IPHLPAPI.DLL
0x00007ffb3e690000 - 0x00007ffb3e69a000 	C:\WINDOWS\System32\NSI.dll
0x00007ffb16ba0000 - 0x00007ffb16be9000 	C:\Users\ronte\AppData\Local\Temp\jna-108697602\jna3529073707615769379.dll
0x00007ffb3d880000 - 0x00007ffb3d888000 	C:\WINDOWS\System32\PSAPI.DLL
0x00007ffb33070000 - 0x00007ffb3308f000 	C:\WINDOWS\SYSTEM32\dhcpcsvc6.DLL
0x00007ffb33040000 - 0x00007ffb33065000 	C:\WINDOWS\SYSTEM32\dhcpcsvc.DLL

dbghelp: loaded successfully - version: 4.0.5 - missing functions: none
symbol engine: initialized successfully - sym options: 0x614 - pdb path: .;c:\Users\ronte\.vscode\extensions\redhat.java-1.43.2025061208-win32-x64\jre\21.0.7-win32-x86_64\bin;C:\WINDOWS\SYSTEM32;C:\WINDOWS\WinSxS\amd64_microsoft.windows.common-controls_6595b64144ccf1df_6.0.26100.5640_none_3e0ac8e2e332259c;c:\Users\ronte\.vscode\extensions\redhat.java-1.43.2025061208-win32-x64\jre\21.0.7-win32-x86_64\bin\server;C:\Users\ronte\AppData\Roaming\Code\User\globalStorage\redhat.java\1.43.2025061208\config_win\org.eclipse.equinox.launcher\org.eclipse.equinox.launcher.win32.win32.x86_64_1.2.1300.v20250331-1702;C:\Users\ronte\AppData\Local\Temp\jna-108697602

VM Arguments:
jvm_args: --add-modules=ALL-SYSTEM --add-opens=java.base/java.util=ALL-UNNAMED --add-opens=java.base/java.lang=ALL-UNNAMED --add-opens=java.base/sun.nio.fs=ALL-UNNAMED -Declipse.application=org.eclipse.jdt.ls.core.id1 -Dosgi.bundles.defaultStartLevel=4 -Declipse.product=org.eclipse.jdt.ls.core.product -Djava.import.generatesMetadataFilesAtProjectRoot=false -DDetectVMInstallationsJob.disabled=true -Dfile.encoding=utf8 -XX:+UseParallelGC -XX:GCTimeRatio=4 -XX:AdaptiveSizePolicyWeight=90 -Dsun.zip.disableMemoryMapping=true -Xmx2G -Xms100m -Xlog:disable -javaagent:c:\Users\ronte\.vscode\extensions\redhat.java-1.43.2025061208-win32-x64\lombok\lombok-1.18.36.jar -XX:+HeapDumpOnOutOfMemoryError -XX:HeapDumpPath=c:\Users\ronte\AppData\Roaming\Code\User\workspaceStorage\f4667daa9bf49298709a6cb9bedaba4e\redhat.java -Daether.dependencyCollector.impl=bf 
java_command: c:\Users\ronte\.vscode\extensions\redhat.java-1.43.2025061208-win32-x64\server\plugins\org.eclipse.equinox.launcher_1.7.0.v20250519-0528.jar -configuration c:\Users\ronte\AppData\Roaming\Code\User\globalStorage\redhat.java\1.43.2025061208\config_win -data c:\Users\ronte\AppData\Roaming\Code\User\workspaceStorage\f4667daa9bf49298709a6cb9bedaba4e\redhat.java\jdt_ws --pipe=\\.\pipe\lsp-35ea8ebc14c4d0ab854836dccbf820de-sock
java_class_path (initial): c:\Users\ronte\.vscode\extensions\redhat.java-1.43.2025061208-win32-x64\server\plugins\org.eclipse.equinox.launcher_1.7.0.v20250519-0528.jar
Launcher Type: SUN_STANDARD

[Global flags]
    uintx AdaptiveSizePolicyWeight                 = 90                                        {product} {command line}
     intx CICompilerCount                          = 12                                        {product} {ergonomic}
    uintx GCTimeRatio                              = 4                                         {product} {command line}
     bool HeapDumpOnOutOfMemoryError               = true                                   {manageable} {command line}
    ccstr HeapDumpPath                             = c:\Users\ronte\AppData\Roaming\Code\User\workspaceStorage\f4667daa9bf49298709a6cb9bedaba4e\redhat.java         {manageable} {command line}
   size_t InitialHeapSize                          = 104857600                                 {product} {command line}
   size_t MaxHeapSize                              = 2147483648                                {product} {command line}
   size_t MaxNewSize                               = 715653120                                 {product} {ergonomic}
   size_t MinHeapDeltaBytes                        = 524288                                    {product} {ergonomic}
   size_t MinHeapSize                              = 104857600                                 {product} {command line}
   size_t NewSize                                  = 34603008                                  {product} {ergonomic}
    uintx NonNMethodCodeHeapSize                   = 7602480                                {pd product} {ergonomic}
    uintx NonProfiledCodeHeapSize                  = 122027880                              {pd product} {ergonomic}
   size_t OldSize                                  = 70254592                                  {product} {ergonomic}
    uintx ProfiledCodeHeapSize                     = 122027880                              {pd product} {ergonomic}
    uintx ReservedCodeCacheSize                    = 251658240                              {pd product} {ergonomic}
     bool SegmentedCodeCache                       = true                                      {product} {ergonomic}
   size_t SoftMaxHeapSize                          = 2147483648                             {manageable} {ergonomic}
     bool UseCompressedOops                        = true                           {product lp64_product} {ergonomic}
     bool UseLargePagesIndividualAllocation        = false                                  {pd product} {ergonomic}
     bool UseParallelGC                            = true                                      {product} {command line}

Logging:
Log output configuration:
 #0: stdout all=off uptime,level,tags foldmultilines=false
 #1: stderr all=off uptime,level,tags foldmultilines=false

Environment Variables:
JAVA_HOME=C:\Program Files\Java\jdk-17
PATH=C:\Program Files\Java\jdk-21\bin;C:\Program Files\Eclipse Adoptium\jdk-17.0.15.6-hotspot\bin;c:\Users\ronte\AppData\Local\Programs\cursor\resources\app\bin;C:\Python313\Scripts\;C:\Python313\;D:\oracle_19c\db_home\bin;C:\oracle\product\10.2.0\db_1\bin;C:\Program Files\Common Files\Oracle\Java\javapath;C:\windows\system32;C:\windows;C:\windows\System32\Wbem;C:\windows\System32\WindowsPowerShell\v1.0\;C:\windows\System32\OpenSSH\;C:\Program Files\HP\HP One Agent;C:\WINDOWS\system32;C:\WINDOWS;C:\WINDOWS\System32\Wbem;C:\WINDOWS\System32\WindowsPowerShell\v1.0\;C:\WINDOWS\System32\OpenSSH\;C:\Program Files\nodejs\;C:\ProgramData\chocolatey\bin;C:\Users\ronte\AppData\Local\Microsoft\WindowsApps;C:\Program Files\JetBrains\IntelliJ IDEA Community Edition 2024.1.3\bin;C:\Users\ronte\AppData\Roaming\npm;C:\Users\ronte\Downloads\platform-tools-latest-windows\platform-tools;C:\Program Files\dotnet\;C:\Program Files\Common Files\Autodesk Shared\;C:\Program Files\Microsoft SQL Server\150\Tools\Binn\;C:\Program Files\Docker\Docker\resources\bin;C:\WINDOWS\system32;C:\WINDOWS;C:\WINDOWS\System32\Wbem;C:\WINDOWS\System32\WindowsPowerShell\v1.0\;C:\WINDOWS\System32\OpenSSH\;C:\Program Files\Git\cmd;C:\Users\ronte\AppData\Local\Microsoft\WindowsApps;C:\Program Files\JetBrains\IntelliJ IDEA Community Edition 2024.1.3\bin;;C:\Users\ronte\AppData\Local\Programs\Microsoft VS Code\bin;C:\Users\ronte\AppData\Roaming\npm;C:\Users\ronte\AppData\Local\Android\Sdk\platform-tools;C:\Users\ronte\AppData\Local\Android\Sdk\tools;C:\Users\ronte\AppData\Local\Android\Sdk\emulator;
USERNAME=ronte
OS=Windows_NT
PROCESSOR_IDENTIFIER=Intel64 Family 6 Model 154 Stepping 3, GenuineIntel
TMP=C:\Users\ronte\AppData\Local\Temp
TEMP=C:\Users\ronte\AppData\Local\Temp




Periodic native trim disabled

---------------  S Y S T E M  ---------------

OS:
 Windows 11 , 64 bit Build 26100 (10.0.26100.5640)
OS uptime: 2 days 4:11 hours
Hyper-V role detected

CPU: total 16 (initial active 16) (8 cores per cpu, 2 threads per core) family 6 model 154 stepping 3 microcode 0x432, cx8, cmov, fxsr, ht, mmx, 3dnowpref, sse, sse2, sse3, ssse3, sse4.1, sse4.2, popcnt, lzcnt, tsc, tscinvbit, avx, avx2, aes, erms, clmul, bmi1, bmi2, adx, sha, fma, vzeroupper, clflush, clflushopt, clwb, hv, serialize, rdtscp, rdpid, fsrm, f16c, cet_ibt, cet_ss
Processor Information for processor 0
  Max Mhz: 1700, Current Mhz: 1700, Mhz Limit: 1700
Processor Information for processor 1
  Max Mhz: 1700, Current Mhz: 1700, Mhz Limit: 1700
Processor Information for processor 2
  Max Mhz: 1700, Current Mhz: 1700, Mhz Limit: 1700
Processor Information for processor 3
  Max Mhz: 1700, Current Mhz: 1700, Mhz Limit: 1700
Processor Information for processor 4
  Max Mhz: 1700, Current Mhz: 1700, Mhz Limit: 1700
Processor Information for processor 5
  Max Mhz: 1700, Current Mhz: 1700, Mhz Limit: 1700
Processor Information for processor 6
  Max Mhz: 1700, Current Mhz: 1700, Mhz Limit: 1700
Processor Information for processor 7
  Max Mhz: 1700, Current Mhz: 1700, Mhz Limit: 1700
Processor Information for processor 8
  Max Mhz: 1700, Current Mhz: 1200, Mhz Limit: 1190
Processor Information for processor 9
  Max Mhz: 1700, Current Mhz: 1200, Mhz Limit: 1190
Processor Information for processor 10
  Max Mhz: 1700, Current Mhz: 1200, Mhz Limit: 1190
Processor Information for processor 11
  Max Mhz: 1700, Current Mhz: 1200, Mhz Limit: 1190
Processor Information for processor 12
  Max Mhz: 1700, Current Mhz: 1200, Mhz Limit: 1190
Processor Information for processor 13
  Max Mhz: 1700, Current Mhz: 1200, Mhz Limit: 1190
Processor Information for processor 14
  Max Mhz: 1700, Current Mhz: 1200, Mhz Limit: 1190
Processor Information for processor 15
  Max Mhz: 1700, Current Mhz: 1200, Mhz Limit: 1190

Memory: 4k page, system-wide physical 7860M (364M free)
TotalPageFile size 32436M (AvailPageFile size 13M)
current process WorkingSet (physical memory assigned to process): 326M, peak: 330M
current process commit charge ("private bytes"): 398M, peak: 403M

vm_info: OpenJDK 64-Bit Server VM (21.0.7+6-LTS) for windows-amd64 JRE (21.0.7+6-LTS), built on 2025-04-15T00:00:00Z by "admin" with MS VC++ 17.7 (VS2022)

END.
